This file contains any messages produced by compilers while
running configure, to aid debugging if configure makes a mistake.

It was created by Quadratic Solver configure 1.0, which was
generated by GNU Autoconf 2.69.  Invocation command line was

  $ ./configure 

## --------- ##
## Platform. ##
## --------- ##

hostname = ubuntu
uname -m = x86_64
uname -r = 4.15.0-36-generic
uname -s = Linux
uname -v = #39-Ubuntu SMP Mon Sep 24 16:19:09 UTC 2018

/usr/bin/uname -p = unknown
/bin/uname -X     = unknown

/bin/arch              = unknown
/usr/bin/arch -k       = unknown
/usr/convex/getsysinfo = unknown
/usr/bin/hostinfo      = unknown
/bin/machine           = unknown
/usr/bin/oslevel       = unknown
/bin/universe          = unknown

PATH: /usr/local/sbin
PATH: /usr/local/bin
PATH: /usr/sbin
PATH: /usr/bin
PATH: /sbin
PATH: /bin
PATH: /usr/games
PATH: /usr/local/games
PATH: /snap/bin


## ----------- ##
## Core tests. ##
## ----------- ##

configure:2199: checking for gcc
configure:2215: found /usr/bin/gcc
configure:2226: result: gcc
configure:2455: checking for C compiler version
configure:2464: gcc --version >&5
gcc (Ubuntu 7.3.0-16ubuntu3) 7.3.0
Copyright (C) 2017 Free Software Foundation, Inc.
This is free software; see the source for copying conditions.  There is NO
warranty; not even for MERCHANTABILITY or FITNESS FOR A PARTICULAR PURPOSE.

configure:2475: $? = 0
configure:2464: gcc -v >&5
Using built-in specs.
COLLECT_GCC=gcc
COLLECT_LTO_WRAPPER=/usr/lib/gcc/x86_64-linux-gnu/7/lto-wrapper
OFFLOAD_TARGET_NAMES=nvptx-none
OFFLOAD_TARGET_DEFAULT=1
Target: x86_64-linux-gnu
Configured with: ../src/configure -v --with-pkgversion='Ubuntu 7.3.0-16ubuntu3' --with-bugurl=file:///usr/share/doc/gcc-7/README.Bugs --enable-languages=c,ada,c++,go,brig,d,fortran,objc,obj-c++ --prefix=/usr --with-gcc-major-version-only --with-as=/usr/bin/x86_64-linux-gnu-as --with-ld=/usr/bin/x86_64-linux-gnu-ld --program-suffix=-7 --program-prefix=x86_64-linux-gnu- --enable-shared --enable-linker-build-id --libexecdir=/usr/lib --without-included-gettext --enable-threads=posix --libdir=/usr/lib --enable-nls --with-sysroot=/ --enable-clocale=gnu --enable-libstdcxx-debug --enable-libstdcxx-time=yes --with-default-libstdcxx-abi=new --enable-gnu-unique-object --disable-vtable-verify --enable-libmpx --enable-plugin --enable-default-pie --with-system-zlib --with-target-system-zlib --enable-objc-gc=auto --enable-multiarch --disable-werror --with-arch-32=i686 --with-abi=m64 --with-multilib-list=m32,m64,mx32 --enable-multilib --with-tune=generic --enable-offload-targets=nvptx-none --without-cuda-driver --enable-checking=release --build=x86_64-linux-gnu --host=x86_64-linux-gnu --target=x86_64-linux-gnu
Thread model: posix
gcc version 7.3.0 (Ubuntu 7.3.0-16ubuntu3) 
configure:2475: $? = 0
configure:2464: gcc -V >&5
gcc: error: unrecognized command line option '-V'
gcc: fatal error: no input files
compilation terminated.
configure:2475: $? = 1
configure:2464: gcc -qversion >&5
gcc: error: unrecognized command line option '-qversion'; did you mean '--version'?
gcc: fatal error: no input files
compilation terminated.
configure:2475: $? = 1
configure:2495: checking whether the C compiler works
configure:2517: gcc    conftest.c  >&5
configure:2521: $? = 0
configure:2569: result: yes
configure:2572: checking for C compiler default output file name
configure:2574: result: a.out
configure:2580: checking for suffix of executables
configure:2587: gcc -o conftest    conftest.c  >&5
configure:2591: $? = 0
configure:2613: result: 
configure:2635: checking whether we are cross compiling
configure:2643: gcc -o conftest    conftest.c  >&5
configure:2647: $? = 0
configure:2654: ./conftest
configure:2658: $? = 0
configure:2673: result: no
configure:2678: checking for suffix of object files
configure:2700: gcc -c   conftest.c >&5
configure:2704: $? = 0
configure:2725: result: o
configure:2729: checking whether we are using the GNU C compiler
configure:2748: gcc -c   conftest.c >&5
configure:2748: $? = 0
configure:2757: result: yes
configure:2766: checking whether gcc accepts -g
configure:2786: gcc -c -g  conftest.c >&5
configure:2786: $? = 0
configure:2827: result: yes
configure:2844: checking for gcc option to accept ISO C89
configure:2907: gcc  -c -g -O2  conftest.c >&5
configure:2907: $? = 0
configure:2920: result: none needed
configure:2944: checking for main in -lm
configure:2963: gcc -o conftest -g -O2   conftest.c -lm   >&5
configure:2963: $? = 0
configure:2972: result: yes
configure:2990: checking how to run the C preprocessor
configure:3021: gcc -E  conftest.c
configure:3021: $? = 0
configure:3035: gcc -E  conftest.c
conftest.c:10:10: fatal error: ac_nonexistent.h: No such file or directory
 #include <ac_nonexistent.h>
          ^~~~~~~~~~~~~~~~~~
compilation terminated.
configure:3035: $? = 1
configure: failed program was:
| /* confdefs.h */
| #define PACKAGE_NAME "Quadratic Solver"
| #define PACKAGE_TARNAME "quadratic-solver"
| #define PACKAGE_VERSION "1.0"
| #define PACKAGE_STRING "Quadratic Solver 1.0"
| #define PACKAGE_BUGREPORT ""
| #define PACKAGE_URL ""
| #define HAVE_LIBM 1
| /* end confdefs.h.  */
| #include <ac_nonexistent.h>
configure:3060: result: gcc -E
configure:3080: gcc -E  conftest.c
configure:3080: $? = 0
configure:3094: gcc -E  conftest.c
conftest.c:10:10: fatal error: ac_nonexistent.h: No such file or directory
 #include <ac_nonexistent.h>
          ^~~~~~~~~~~~~~~~~~
compilation terminated.
configure:3094: $? = 1
configure: failed program was:
| /* confdefs.h */
| #define PACKAGE_NAME "Quadratic Solver"
| #define PACKAGE_TARNAME "quadratic-solver"
| #define PACKAGE_VERSION "1.0"
| #define PACKAGE_STRING "Quadratic Solver 1.0"
| #define PACKAGE_BUGREPORT ""
| #define PACKAGE_URL ""
| #define HAVE_LIBM 1
| /* end confdefs.h.  */
| #include <ac_nonexistent.h>
configure:3123: checking for grep that handles long lines and -e
configure:3181: result: /bin/grep
configure:3186: checking for egrep
configure:3248: result: /bin/grep -E
configure:3253: checking for ANSI C header files
configure:3273: gcc -c -g -O2  conftest.c >&5
configure:3273: $? = 0
configure:3346: gcc -o conftest -g -O2   conftest.c -lm  >&5
configure:3346: $? = 0
configure:3346: ./conftest
configure:3346: $? = 0
configure:3357: result: yes
configure:3370: checking for sys/types.h
configure:3370: gcc -c -g -O2  conftest.c >&5
configure:3370: $? = 0
configure:3370: result: yes
configure:3370: checking for sys/stat.h
configure:3370: gcc -c -g -O2  conftest.c >&5
configure:3370: $? = 0
configure:3370: result: yes
configure:3370: checking for stdlib.h
configure:3370: gcc -c -g -O2  conftest.c >&5
configure:3370: $? = 0
configure:3370: result: yes
configure:3370: checking for string.h
configure:3370: gcc -c -g -O2  conftest.c >&5
configure:3370: $? = 0
configure:3370: result: yes
configure:3370: checking for memory.h
configure:3370: gcc -c -g -O2  conftest.c >&5
configure:3370: $? = 0
configure:3370: result: yes
configure:3370: checking for strings.h
configure:3370: gcc -c -g -O2  conftest.c >&5
configure:3370: $? = 0
configure:3370: result: yes
configure:3370: checking for inttypes.h
configure:3370: gcc -c -g -O2  conftest.c >&5
configure:3370: $? = 0
configure:3370: result: yes
configure:3370: checking for stdint.h
configure:3370: gcc -c -g -O2  conftest.c >&5
configure:3370: $? = 0
configure:3370: result: yes
configure:3370: checking for unistd.h
configure:3370: gcc -c -g -O2  conftest.c >&5
configure:3370: $? = 0
configure:3370: result: yes
configure:3385: checking for stdlib.h
configure:3385: result: yes
configure:3385: checking for string.h
configure:3385: result: yes
configure:3385: checking for unistd.h
configure:3385: result: yes
configure:3397: checking for stdbool.h that conforms to C99
configure:3464: gcc -c -g -O2  conftest.c >&5
configure:3464: $? = 0
configure:3471: result: yes
configure:3473: checking for _Bool
configure:3473: gcc -c -g -O2  conftest.c >&5
configure:3473: $? = 0
configure:3473: gcc -c -g -O2  conftest.c >&5
conftest.c: In function 'main':
conftest.c:59:20: error: expected expression before ')' token
 if (sizeof ((_Bool)))
                    ^
configure:3473: $? = 1
configure: failed program was:
| /* confdefs.h */
| #define PACKAGE_NAME "Quadratic Solver"
| #define PACKAGE_TARNAME "quadratic-solver"
| #define PACKAGE_VERSION "1.0"
| #define PACKAGE_STRING "Quadratic Solver 1.0"
| #define PACKAGE_BUGREPORT ""
| #define PACKAGE_URL ""
| #define HAVE_LIBM 1
| #define STDC_HEADERS 1
| #define HAVE_SYS_TYPES_H 1
| #define HAVE_SYS_STAT_H 1
| #define HAVE_STDLIB_H 1
| #define HAVE_STRING_H 1
| #define HAVE_MEMORY_H 1
| #define HAVE_STRINGS_H 1
| #define HAVE_INTTYPES_H 1
| #define HAVE_STDINT_H 1
| #define HAVE_UNISTD_H 1
| #define HAVE_STDLIB_H 1
| #define HAVE_STRING_H 1
| #define HAVE_UNISTD_H 1
| /* end confdefs.h.  */
| #include <stdio.h>
| #ifdef HAVE_SYS_TYPES_H
| # include <sys/types.h>
| #endif
| #ifdef HAVE_SYS_STAT_H
| # include <sys/stat.h>
| #endif
| #ifdef STDC_HEADERS
| # include <stdlib.h>
| # include <stddef.h>
| #else
| # ifdef HAVE_STDLIB_H
| #  include <stdlib.h>
| # endif
| #endif
| #ifdef HAVE_STRING_H
| # if !defined STDC_HEADERS && defined HAVE_MEMORY_H
| #  include <memory.h>
| # endif
| # include <string.h>
| #endif
| #ifdef HAVE_STRINGS_H
| # include <strings.h>
| #endif
| #ifdef HAVE_INTTYPES_H
| # include <inttypes.h>
| #endif
| #ifdef HAVE_STDINT_H
| # include <stdint.h>
| #endif
| #ifdef HAVE_UNISTD_H
| # include <unistd.h>
| #endif
| int
| main ()
| {
| if (sizeof ((_Bool)))
| 	    return 0;
|   ;
|   return 0;
| }
configure:3473: result: yes
configure:3489: checking for pow
configure:3489: gcc -o conftest -g -O2   conftest.c -lm  >&5
conftest.c:47:6: warning: conflicting types for built-in function 'pow' [-Wbuiltin-declaration-mismatch]
 char pow ();
      ^~~
configure:3489: $? = 0
configure:3489: result: yes
configure:3489: checking for sqrt
configure:3489: gcc -o conftest -g -O2   conftest.c -lm  >&5
conftest.c:48:6: warning: conflicting types for built-in function 'sqrt' [-Wbuiltin-declaration-mismatch]
 char sqrt ();
      ^~~~
configure:3489: $? = 0
configure:3489: result: yes
configure:3615: creating ./config.status

## ---------------------- ##
## Running config.status. ##
## ---------------------- ##

This file was extended by Quadratic Solver config.status 1.0, which was
generated by GNU Autoconf 2.69.  Invocation command line was

  CONFIG_FILES    = 
  CONFIG_HEADERS  = 
  CONFIG_LINKS    = 
  CONFIG_COMMANDS = 
  $ ./config.status 

on ubuntu

config.status:805: creating makefile
config.status:805: creating config.h
config.status:975: config.h is unchanged

## ---------------- ##
## Cache variables. ##
## ---------------- ##

ac_cv_c_compiler_gnu=yes
ac_cv_env_CC_set=
ac_cv_env_CC_value=
ac_cv_env_CFLAGS_set=
ac_cv_env_CFLAGS_value=
ac_cv_env_CPPFLAGS_set=
ac_cv_env_CPPFLAGS_value=
ac_cv_env_CPP_set=
ac_cv_env_CPP_value=
ac_cv_env_LDFLAGS_set=
ac_cv_env_LDFLAGS_value=
ac_cv_env_LIBS_set=
ac_cv_env_LIBS_value=
ac_cv_env_build_alias_set=
ac_cv_env_build_alias_value=
ac_cv_env_host_alias_set=
ac_cv_env_host_alias_value=
ac_cv_env_target_alias_set=
ac_cv_env_target_alias_value=
ac_cv_func_pow=yes
ac_cv_func_sqrt=yes
ac_cv_header_inttypes_h=yes
ac_cv_header_memory_h=yes
ac_cv_header_stdbool_h=yes
ac_cv_header_stdc=yes
ac_cv_header_stdint_h=yes
ac_cv_header_stdlib_h=yes
ac_cv_header_string_h=yes
ac_cv_header_strings_h=yes
ac_cv_header_sys_stat_h=yes
ac_cv_header_sys_types_h=yes
ac_cv_header_unistd_h=yes
ac_cv_lib_m_main=yes
ac_cv_objext=o
ac_cv_path_EGREP='/bin/grep -E'
ac_cv_path_GREP=/bin/grep
ac_cv_prog_CPP='gcc -E'
ac_cv_prog_ac_ct_CC=gcc
ac_cv_prog_cc_c89=
ac_cv_prog_cc_g=yes
ac_cv_type__Bool=yes

## ----------------- ##
## Output variables. ##
## ----------------- ##

CC='gcc'
CFLAGS='-g -O2'
CPP='gcc -E'
CPPFLAGS=''
DEFS='-DHAVE_CONFIG_H'
ECHO_C=''
ECHO_N='-n'
ECHO_T=''
EGREP='/bin/grep -E'
EXEEXT=''
GREP='/bin/grep'
LDFLAGS=''
LIBOBJS=''
LIBS='-lm '
LTLIBOBJS=''
OBJEXT='o'
PACKAGE_BUGREPORT=''
PACKAGE_NAME='Quadratic Solver'
PACKAGE_STRING='Quadratic Solver 1.0'
PACKAGE_TARNAME='quadratic-solver'
PACKAGE_URL=''
PACKAGE_VERSION='1.0'
PATH_SEPARATOR=':'
SHELL='/bin/bash'
ac_ct_CC='gcc'
bindir='${exec_prefix}/bin'
build_alias=''
datadir='${datarootdir}'
datarootdir='${prefix}/share'
docdir='${datarootdir}/doc/${PACKAGE_TARNAME}'
dvidir='${docdir}'
exec_prefix='${prefix}'
host_alias=''
htmldir='${docdir}'
includedir='${prefix}/include'
infodir='${datarootdir}/info'
libdir='${exec_prefix}/lib'
libexecdir='${exec_prefix}/libexec'
localedir='${datarootdir}/locale'
localstatedir='${prefix}/var'
mandir='${datarootdir}/man'
oldincludedir='/usr/include'
pdfdir='${docdir}'
prefix='/usr/local'
program_transform_name='s,x,x,'
psdir='${docdir}'
runstatedir='${localstatedir}/run'
sbindir='${exec_prefix}/sbin'
sharedstatedir='${prefix}/com'
sysconfdir='${prefix}/etc'
target_alias=''

## ----------- ##
## confdefs.h. ##
## ----------- ##

/* confdefs.h */
#define PACKAGE_NAME "Quadratic Solver"
#define PACKAGE_TARNAME "quadratic-solver"
#define PACKAGE_VERSION "1.0"
#define PACKAGE_STRING "Quadratic Solver 1.0"
#define PACKAGE_BUGREPORT ""
#define PACKAGE_URL ""
#define HAVE_LIBM 1
#define STDC_HEADERS 1
#define HAVE_SYS_TYPES_H 1
#define HAVE_SYS_STAT_H 1
#define HAVE_STDLIB_H 1
#define HAVE_STRING_H 1
#define HAVE_MEMORY_H 1
#define HAVE_STRINGS_H 1
#define HAVE_INTTYPES_H 1
#define HAVE_STDINT_H 1
#define HAVE_UNISTD_H 1
#define HAVE_STDLIB_H 1
#define HAVE_STRING_H 1
#define HAVE_UNISTD_H 1
#define HAVE__BOOL 1
#define HAVE_POW 1
#define HAVE_SQRT 1

configure: exit 0
